<?xml version="1.0" encoding="UTF-8"?>
<testsuite name="전체 기능 테스트" tests="1" skipped="0" failures="0" errors="0" timestamp="2024-12-12T06:24:35" hostname="hwang-eunbaeui-MacBookAir.local" time="0.012">
  <properties/>
  <testcase name="기능_테스트()" classname="menu.ApplicationTest$AllFeatureTest" time="0.012"/>
  <system-out><![CDATA[
]]></system-out>
  <system-err><![CDATA[]]></system-err>
</testsuite>
